<?xml version="1.0" encoding="UTF-8"?>
<testsuites>
  <testsuite name="fastlane.lanes">
    
    
    
      
      <testcase classname="fastlane.lanes" name="0: git_pull" time="4.44696">
        
      </testcase>
    
      
      <testcase classname="fastlane.lanes" name="1: ensure_git_branch" time="0.026055">
        
      </testcase>
    
      
      <testcase classname="fastlane.lanes" name="2: version_bump_podspec" time="0.000873">
        
      </testcase>
    
      
      <testcase classname="fastlane.lanes" name="3: git_add" time="0.025234">
        
      </testcase>
    
      
      <testcase classname="fastlane.lanes" name="4: git_commit" time="0.033169">
        
          <failure message="/usr/local/lib/ruby/gems/3.1.0/gems/fastlane-2.208.0/fastlane/lib/fastlane/actions/actions_helper.rb:67:in `execute_action&apos;&#10;/usr/local/lib/ruby/gems/3.1.0/gems/fastlane-2.208.0/fastlane/lib/fastlane/runner.rb:255:in `block in execute_action&apos;&#10;/usr/local/lib/ruby/gems/3.1.0/gems/fastlane-2.208.0/fastlane/lib/fastlane/runner.rb:229:in `chdir&apos;&#10;/usr/local/lib/ruby/gems/3.1.0/gems/fastlane-2.208.0/fastlane/lib/fastlane/runner.rb:229:in `execute_action&apos;&#10;/usr/local/lib/ruby/gems/3.1.0/gems/fastlane-2.208.0/fastlane/lib/fastlane/runner.rb:157:in `trigger_action_by_name&apos;&#10;/usr/local/lib/ruby/gems/3.1.0/gems/fastlane-2.208.0/fastlane/lib/fastlane/fast_file.rb:159:in `method_missing&apos;&#10;Fastfile:21:in `block in parsing_binding&apos;&#10;/usr/local/lib/ruby/gems/3.1.0/gems/fastlane-2.208.0/fastlane/lib/fastlane/lane.rb:33:in `call&apos;&#10;/usr/local/lib/ruby/gems/3.1.0/gems/fastlane-2.208.0/fastlane/lib/fastlane/runner.rb:49:in `block in execute&apos;&#10;/usr/local/lib/ruby/gems/3.1.0/gems/fastlane-2.208.0/fastlane/lib/fastlane/runner.rb:45:in `chdir&apos;&#10;/usr/local/lib/ruby/gems/3.1.0/gems/fastlane-2.208.0/fastlane/lib/fastlane/runner.rb:45:in `execute&apos;&#10;/usr/local/lib/ruby/gems/3.1.0/gems/fastlane-2.208.0/fastlane/lib/fastlane/lane_manager.rb:47:in `cruise_lane&apos;&#10;/usr/local/lib/ruby/gems/3.1.0/gems/fastlane-2.208.0/fastlane/lib/fastlane/command_line_handler.rb:36:in `handle&apos;&#10;/usr/local/lib/ruby/gems/3.1.0/gems/fastlane-2.208.0/fastlane/lib/fastlane/commands_generator.rb:110:in `block (2 levels) in run&apos;&#10;/usr/local/lib/ruby/gems/3.1.0/gems/commander-4.6.0/lib/commander/command.rb:187:in `call&apos;&#10;/usr/local/lib/ruby/gems/3.1.0/gems/commander-4.6.0/lib/commander/command.rb:157:in `run&apos;&#10;/usr/local/lib/ruby/gems/3.1.0/gems/commander-4.6.0/lib/commander/runner.rb:444:in `run_active_command&apos;&#10;/usr/local/lib/ruby/gems/3.1.0/gems/fastlane-2.208.0/fastlane_core/lib/fastlane_core/ui/fastlane_runner.rb:124:in `run!&apos;&#10;/usr/local/lib/ruby/gems/3.1.0/gems/commander-4.6.0/lib/commander/delegates.rb:18:in `run!&apos;&#10;/usr/local/lib/ruby/gems/3.1.0/gems/fastlane-2.208.0/fastlane/lib/fastlane/commands_generator.rb:354:in `run&apos;&#10;/usr/local/lib/ruby/gems/3.1.0/gems/fastlane-2.208.0/fastlane/lib/fastlane/commands_generator.rb:43:in `start&apos;&#10;/usr/local/lib/ruby/gems/3.1.0/gems/fastlane-2.208.0/fastlane/lib/fastlane/cli_tools_distributor.rb:123:in `take_off&apos;&#10;/usr/local/lib/ruby/gems/3.1.0/gems/fastlane-2.208.0/bin/fastlane:23:in `&lt;top (required)&gt;&apos;&#10;/usr/local/lib/ruby/gems/3.1.0/bin/fastlane:25:in `load&apos;&#10;/usr/local/lib/ruby/gems/3.1.0/bin/fastlane:25:in `&lt;main&gt;&apos;&#10;&#10;Exit status of command &apos;git commit -m release\ 0.3.1 .&apos; was 1 instead of 0.&#10;On branch main&#10;Your branch is ahead of &apos;origin/main&apos; by 1 commit.&#10;  (use &quot;git push&quot; to publish your local commits)&#10;&#10;nothing to commit, working tree clean&#10;" />
        
      </testcase>
    
      
      <testcase classname="fastlane.lanes" name="5: push_to_git_remote" time="120.765558">
        
          <failure message="/usr/local/lib/ruby/gems/3.1.0/gems/fastlane-2.208.0/fastlane/lib/fastlane/actions/actions_helper.rb:67:in `execute_action&apos;&#10;/usr/local/lib/ruby/gems/3.1.0/gems/fastlane-2.208.0/fastlane/lib/fastlane/runner.rb:255:in `block in execute_action&apos;&#10;/usr/local/lib/ruby/gems/3.1.0/gems/fastlane-2.208.0/fastlane/lib/fastlane/runner.rb:229:in `chdir&apos;&#10;/usr/local/lib/ruby/gems/3.1.0/gems/fastlane-2.208.0/fastlane/lib/fastlane/runner.rb:229:in `execute_action&apos;&#10;/usr/local/lib/ruby/gems/3.1.0/gems/fastlane-2.208.0/fastlane/lib/fastlane/runner.rb:157:in `trigger_action_by_name&apos;&#10;/usr/local/lib/ruby/gems/3.1.0/gems/fastlane-2.208.0/fastlane/lib/fastlane/fast_file.rb:159:in `method_missing&apos;&#10;Fastfile:32:in `block in parsing_binding&apos;&#10;/usr/local/lib/ruby/gems/3.1.0/gems/fastlane-2.208.0/fastlane/lib/fastlane/lane.rb:33:in `call&apos;&#10;/usr/local/lib/ruby/gems/3.1.0/gems/fastlane-2.208.0/fastlane/lib/fastlane/runner.rb:49:in `block in execute&apos;&#10;/usr/local/lib/ruby/gems/3.1.0/gems/fastlane-2.208.0/fastlane/lib/fastlane/runner.rb:45:in `chdir&apos;&#10;/usr/local/lib/ruby/gems/3.1.0/gems/fastlane-2.208.0/fastlane/lib/fastlane/runner.rb:45:in `execute&apos;&#10;/usr/local/lib/ruby/gems/3.1.0/gems/fastlane-2.208.0/fastlane/lib/fastlane/lane_manager.rb:47:in `cruise_lane&apos;&#10;/usr/local/lib/ruby/gems/3.1.0/gems/fastlane-2.208.0/fastlane/lib/fastlane/command_line_handler.rb:36:in `handle&apos;&#10;/usr/local/lib/ruby/gems/3.1.0/gems/fastlane-2.208.0/fastlane/lib/fastlane/commands_generator.rb:110:in `block (2 levels) in run&apos;&#10;/usr/local/lib/ruby/gems/3.1.0/gems/commander-4.6.0/lib/commander/command.rb:187:in `call&apos;&#10;/usr/local/lib/ruby/gems/3.1.0/gems/commander-4.6.0/lib/commander/command.rb:157:in `run&apos;&#10;/usr/local/lib/ruby/gems/3.1.0/gems/commander-4.6.0/lib/commander/runner.rb:444:in `run_active_command&apos;&#10;/usr/local/lib/ruby/gems/3.1.0/gems/fastlane-2.208.0/fastlane_core/lib/fastlane_core/ui/fastlane_runner.rb:124:in `run!&apos;&#10;/usr/local/lib/ruby/gems/3.1.0/gems/commander-4.6.0/lib/commander/delegates.rb:18:in `run!&apos;&#10;/usr/local/lib/ruby/gems/3.1.0/gems/fastlane-2.208.0/fastlane/lib/fastlane/commands_generator.rb:354:in `run&apos;&#10;/usr/local/lib/ruby/gems/3.1.0/gems/fastlane-2.208.0/fastlane/lib/fastlane/commands_generator.rb:43:in `start&apos;&#10;/usr/local/lib/ruby/gems/3.1.0/gems/fastlane-2.208.0/fastlane/lib/fastlane/cli_tools_distributor.rb:123:in `take_off&apos;&#10;/usr/local/lib/ruby/gems/3.1.0/gems/fastlane-2.208.0/bin/fastlane:23:in `&lt;top (required)&gt;&apos;&#10;/usr/local/lib/ruby/gems/3.1.0/bin/fastlane:25:in `load&apos;&#10;/usr/local/lib/ruby/gems/3.1.0/bin/fastlane:25:in `&lt;main&gt;&apos;&#10;&#10;Exit status of command &apos;git push origin main:main --tags&apos; was 128 instead of 0.&#10;fatal: unable to access &apos;https://github.com/rongcloud-community/RCBMWorkKit.git/&apos;: LibreSSL SSL_connect: SSL_ERROR_SYSCALL in connection to github.com:443 &#10;" />
        
      </testcase>
    
  </testsuite>
</testsuites>
